TN:
SF:C:\Workspaces\fluentassertions.mockly\Shared\HttpMockAssertionExtensions.cs
FN:283,BeExpected(System.String,System.Object[])
FN:307,BeUnexpected(System.String,System.Object[])
FN:322,get_Identifier()
FN:266,.ctor(Mockly.CapturedRequest)
FNDA:8,BeExpected(System.String,System.Object[])
FNDA:8,BeUnexpected(System.String,System.Object[])
FNDA:0,get_Identifier()
FNDA:16,.ctor(Mockly.CapturedRequest)
FNF:4
FNH:3
BRF:0
BRH:0
DA:266,16
DA:268,16
DA:269,16
DA:270,16
DA:283,8
DA:287,8
DA:288,8
DA:289,8
DA:290,8
DA:291,8
DA:293,4
DA:294,4
DA:307,8
DA:311,8
DA:312,8
DA:313,8
DA:314,8
DA:315,8
DA:317,4
DA:318,4
DA:322,0
LH:20
LF:21
end_of_record
SF:C:\Workspaces\fluentassertions.mockly\Shared\HttpMockAssertionExtensions.cs
FN:360,WithBody(System.String,System.String,System.Object[])
FN:410,WithBodyMatchingJson(System.String,System.String,System.Object[])
FN:494,WithBodyEquivalentTo(T,System.String,System.Object[])
FN:560,WithBodyHavingPropertiesOf(System.Collections.Generic.IDictionary`2<System.String,System.String>,System.String,System.Object[])
FN:628,WithBodyHavingPropertiesEqualTo(System.Collections.Generic.IDictionary`2<System.String,System.String>,System.String,System.Object[])
FN:692,WithBodyHavingProperty(System.String,System.String,System.String,System.Object[])
FN:746,get_Identifier()
FN:339,.ctor(Mockly.CapturedRequest[])
FNDA:16,WithBody(System.String,System.String,System.Object[])
FNDA:24,WithBodyMatchingJson(System.String,System.String,System.Object[])
FNDA:12,WithBodyEquivalentTo(T,System.String,System.Object[])
FNDA:32,WithBodyHavingPropertiesOf(System.Collections.Generic.IDictionary`2<System.String,System.String>,System.String,System.Object[])
FNDA:12,WithBodyHavingPropertiesEqualTo(System.Collections.Generic.IDictionary`2<System.String,System.String>,System.String,System.Object[])
FNDA:16,WithBodyHavingProperty(System.String,System.String,System.String,System.Object[])
FNDA:0,get_Identifier()
FNDA:120,.ctor(Mockly.CapturedRequest[])
FNF:8
FNH:7
BRDA:361,361,0,4
BRDA:361,361,1,4
BRDA:363,363,2,4
BRDA:363,363,3,4
BRDA:363,363,4,4
BRDA:363,363,5,-
BRDA:369,369,6,4
BRDA:369,369,7,-
BRDA:374,374,8,4
BRDA:374,374,9,-
BRDA:411,411,10,4
BRDA:411,411,11,-
BRDA:422,422,12,4
BRDA:422,422,13,4
BRDA:427,427,14,4
BRDA:427,427,15,-
BRDA:432,432,16,4
BRDA:432,432,17,-
BRDA:444,444,18,4
BRDA:444,444,19,-
BRDA:454,454,20,4
BRDA:454,454,21,-
BRDA:458,458,22,4
BRDA:458,458,23,-
BRDA:459,459,24,4
BRDA:459,459,25,4
BRDA:497,497,26,4
BRDA:497,497,27,4
BRDA:499,499,28,4
BRDA:499,499,29,-
BRDA:500,500,30,4
BRDA:500,500,31,4
BRDA:506,506,32,4
BRDA:506,506,33,4
BRDA:511,511,34,4
BRDA:511,511,35,4
BRDA:511,511,36,4
BRDA:511,511,37,-
BRDA:520,520,38,4
BRDA:520,520,39,-
BRDA:533,533,40,4
BRDA:533,533,41,4
BRDA:562,562,42,4
BRDA:562,562,43,4
BRDA:564,564,44,4
BRDA:564,564,45,-
BRDA:570,570,46,4
BRDA:570,570,47,4
BRDA:572,572,48,4
BRDA:572,572,49,4
BRDA:574,574,50,4
BRDA:574,574,51,4
BRDA:580,580,52,4
BRDA:580,580,53,4
BRDA:587,587,54,4
BRDA:587,587,55,-
BRDA:630,630,56,4
BRDA:630,630,57,4
BRDA:632,632,58,4
BRDA:632,632,59,-
BRDA:638,638,60,4
BRDA:638,638,61,4
BRDA:640,640,62,4
BRDA:640,640,63,-
BRDA:646,646,64,4
BRDA:646,646,65,4
BRDA:653,653,66,4
BRDA:653,653,67,-
BRDA:694,694,68,4
BRDA:694,694,69,4
BRDA:696,696,70,4
BRDA:696,696,71,-
BRDA:702,702,72,4
BRDA:702,702,73,4
BRDA:704,704,74,4
BRDA:704,704,75,4
BRDA:710,710,76,4
BRDA:710,710,77,4
BRDA:717,717,78,4
BRDA:717,717,79,4
BRDA:339,339,80,4
BRDA:339,339,81,-
BRF:82
BRH:63
DA:339,120
DA:341,120
DA:342,120
DA:343,120
DA:360,16
DA:361,76
DA:362,20
DA:363,20
DA:364,12
DA:365,12
DA:367,8
DA:369,4
DA:370,4
DA:374,4
DA:375,4
DA:376,4
DA:377,4
DA:378,4
DA:379,0
DA:381,0
DA:385,0
DA:386,0
DA:387,0
DA:388,0
DA:389,0
DA:390,0
DA:392,0
DA:393,12
DA:410,24
DA:411,24
DA:412,0
DA:416,0
DA:417,0
DA:418,0
DA:419,0
DA:422,24
DA:423,16
DA:425,16
DA:426,16
DA:427,16
DA:432,12
DA:433,12
DA:434,12
DA:435,12
DA:436,12
DA:437,12
DA:438,8
DA:439,4
DA:440,4
DA:444,4
DA:445,4
DA:446,4
DA:447,0
DA:449,8
DA:453,8
DA:454,40
DA:455,12
DA:457,12
DA:458,12
DA:459,12
DA:460,8
DA:461,8
DA:463,4
DA:464,0
DA:465,0
DA:467,0
DA:468,4
DA:473,0
DA:474,0
DA:475,0
DA:476,0
DA:478,0
DA:479,16
DA:494,12
DA:495,12
DA:496,12
DA:497,60
DA:498,16
DA:499,16
DA:500,16
DA:501,16
DA:502,16
DA:503,16
DA:505,16
DA:506,16
DA:507,8
DA:508,8
DA:511,8
DA:512,8
DA:513,8
DA:514,8
DA:515,8
DA:516,8
DA:517,8
DA:520,4
DA:521,4
DA:522,4
DA:523,4
DA:525,0
DA:526,0
DA:527,0
DA:528,0
DA:533,4
DA:534,4
DA:535,4
DA:536,4
DA:537,4
DA:538,8
DA:539,4
DA:540,4
DA:542,0
DA:543,8
DA:560,32
DA:561,32
DA:562,148
DA:563,40
DA:564,40
DA:565,0
DA:566,0
DA:569,40
DA:570,36
DA:571,36
DA:572,36
DA:573,96
DA:574,220
DA:576,36
DA:577,36
DA:579,36
DA:580,36
DA:581,24
DA:582,24
DA:584,12
DA:585,12
DA:587,4
DA:588,4
DA:592,4
DA:593,4
DA:594,4
DA:595,4
DA:596,4
DA:597,4
DA:598,0
DA:600,0
DA:604,0
DA:605,0
DA:606,0
DA:607,0
DA:608,0
DA:610,0
DA:611,24
DA:628,12
DA:629,12
DA:630,56
DA:631,12
DA:632,12
DA:633,0
DA:634,0
DA:637,12
DA:638,12
DA:639,12
DA:640,60
DA:642,12
DA:643,12
DA:645,12
DA:646,12
DA:647,4
DA:648,4
DA:650,8
DA:651,8
DA:653,8
DA:654,8
DA:658,8
DA:659,8
DA:660,8
DA:661,8
DA:662,8
DA:663,8
DA:664,0
DA:666,0
DA:670,0
DA:671,0
DA:672,0
DA:673,0
DA:674,0
DA:676,0
DA:677,4
DA:692,16
DA:693,16
DA:694,80
DA:695,20
DA:696,20
DA:697,0
DA:698,0
DA:701,20
DA:702,20
DA:703,20
DA:704,68
DA:706,20
DA:707,20
DA:709,20
DA:710,20
DA:711,8
DA:712,8
DA:714,12
DA:715,12
DA:717,8
DA:718,4
DA:722,4
DA:723,4
DA:724,4
DA:725,4
DA:726,4
DA:727,4
DA:728,0
DA:730,4
DA:734,4
DA:735,4
DA:736,4
DA:737,4
DA:738,4
DA:739,0
DA:741,0
DA:742,8
DA:746,0
LH:170
LF:224
end_of_record
SF:C:\Workspaces\fluentassertions.mockly\Shared\HttpMockAssertionExtensions.cs
FN:30,Should(Mockly.HttpMock)
FN:38,Should(Mockly.RequestCollection)
FN:46,Should(Mockly.CapturedRequest)
FNDA:8,Should(Mockly.HttpMock)
FNDA:156,Should(Mockly.RequestCollection)
FNDA:16,Should(Mockly.CapturedRequest)
FNF:3
FNH:3
BRF:0
BRH:0
DA:30,8
DA:31,8
DA:32,8
DA:38,156
DA:39,156
DA:40,156
DA:46,16
DA:47,16
DA:48,16
LH:9
LF:9
end_of_record
SF:C:\Workspaces\fluentassertions.mockly\Shared\HttpMockAssertionExtensions.cs
FN:69,HaveAllRequestsCalled(System.String,System.Object[])
FN:84,get_Identifier()
FN:60,.ctor(Mockly.HttpMock)
FNDA:8,HaveAllRequestsCalled(System.String,System.Object[])
FNDA:0,get_Identifier()
FNDA:8,.ctor(Mockly.HttpMock)
FNF:3
FNH:2
BRF:0
BRH:0
DA:60,8
DA:63,8
DA:69,8
DA:70,8
DA:75,8
DA:76,8
DA:77,8
DA:78,8
DA:79,8
DA:81,4
DA:82,4
DA:84,0
LH:11
LF:12
end_of_record
SF:C:\Workspaces\fluentassertions.mockly\Shared\HttpMockAssertionExtensions.cs
FN:110,NotContainUnexpectedCalls(System.String,System.Object[])
FN:140,ContainRequest(System.String,System.Object[])
FN:164,ContainRequestFor(System.Uri,System.String,System.Object[])
FN:179,ContainRequestFor(System.String,System.String,System.Object[])
FN:224,NotContainRequestFor(System.Uri,System.String,System.Object[])
FN:233,NotContainRequestFor(System.String,System.String,System.Object[])
FN:100,.ctor(Mockly.RequestCollection)
FNDA:12,NotContainUnexpectedCalls(System.String,System.Object[])
FNDA:112,ContainRequest(System.String,System.Object[])
FNDA:4,ContainRequestFor(System.Uri,System.String,System.Object[])
FNDA:20,ContainRequestFor(System.String,System.String,System.Object[])
FNDA:0,NotContainRequestFor(System.Uri,System.String,System.Object[])
FNDA:8,NotContainRequestFor(System.String,System.String,System.Object[])
FNDA:156,.ctor(Mockly.RequestCollection)
FNF:7
FNH:6
BRDA:181,181,82,4
BRDA:181,181,83,-
BRDA:186,186,84,4
BRDA:186,186,85,4
BRDA:191,191,86,4
BRDA:191,191,87,4
BRDA:197,197,88,4
BRDA:197,197,89,4
BRDA:234,234,90,4
BRDA:234,234,91,-
BRDA:239,239,92,4
BRDA:239,239,93,4
BRF:12
BRH:10
DA:100,156
DA:102,156
DA:103,156
DA:104,156
DA:110,12
DA:111,24
DA:116,12
DA:117,12
DA:118,12
DA:119,12
DA:120,12
DA:121,12
DA:122,12
DA:123,12
DA:124,16
DA:126,8
DA:127,8
DA:140,112
DA:144,112
DA:145,112
DA:146,112
DA:147,112
DA:148,112
DA:150,108
DA:151,108
DA:164,4
DA:165,4
DA:166,4
DA:179,20
DA:180,20
DA:181,16
DA:182,20
DA:184,20
DA:186,20
DA:187,4
DA:188,4
DA:189,4
DA:190,4
DA:191,16
DA:192,4
DA:193,4
DA:194,4
DA:196,4
DA:197,20
DA:198,4
DA:199,4
DA:200,4
DA:201,4
DA:203,12
DA:205,12
DA:210,20
DA:211,20
DA:212,20
DA:213,20
DA:214,20
DA:216,12
DA:217,12
DA:224,0
DA:225,0
DA:226,0
DA:233,8
DA:234,16
DA:239,8
DA:240,8
DA:241,8
DA:242,8
DA:243,8
DA:244,8
DA:245,4
DA:246,8
DA:247,8
DA:249,4
DA:250,4
LH:70
LF:73
end_of_record
SF:C:\Workspaces\fluentassertions.mockly\Shared\HttpMockAssertionExtensions.cs
FN:283,BeExpected(System.String,System.Object[])
FN:307,BeUnexpected(System.String,System.Object[])
FN:322,get_Identifier()
FN:264,.ctor(Mockly.CapturedRequest)
FNDA:8,BeExpected(System.String,System.Object[])
FNDA:8,BeUnexpected(System.String,System.Object[])
FNDA:0,get_Identifier()
FNDA:16,.ctor(Mockly.CapturedRequest)
FNF:4
FNH:3
BRF:0
BRH:0
DA:264,16
DA:268,16
DA:269,16
DA:270,16
DA:283,8
DA:285,8
DA:286,8
DA:287,8
DA:288,8
DA:289,8
DA:290,8
DA:291,8
DA:293,4
DA:294,4
DA:307,8
DA:309,8
DA:310,8
DA:311,8
DA:312,8
DA:313,8
DA:314,8
DA:315,8
DA:317,4
DA:318,4
DA:322,0
LH:24
LF:25
end_of_record
SF:C:\Workspaces\fluentassertions.mockly\Shared\HttpMockAssertionExtensions.cs
FN:360,WithBody(System.String,System.String,System.Object[])
FN:410,WithBodyMatchingJson(System.String,System.String,System.Object[])
FN:494,WithBodyEquivalentTo(T,System.String,System.Object[])
FN:560,WithBodyHavingPropertiesOf(System.Collections.Generic.IDictionary`2<System.String,System.String>,System.String,System.Object[])
FN:628,WithBodyHavingPropertiesEqualTo(System.Collections.Generic.IDictionary`2<System.String,System.String>,System.String,System.Object[])
FN:692,WithBodyHavingProperty(System.String,System.String,System.String,System.Object[])
FN:746,get_Identifier()
FN:336,.ctor(Mockly.CapturedRequest[])
FNDA:16,WithBody(System.String,System.String,System.Object[])
FNDA:24,WithBodyMatchingJson(System.String,System.String,System.Object[])
FNDA:12,WithBodyEquivalentTo(T,System.String,System.Object[])
FNDA:32,WithBodyHavingPropertiesOf(System.Collections.Generic.IDictionary`2<System.String,System.String>,System.String,System.Object[])
FNDA:12,WithBodyHavingPropertiesEqualTo(System.Collections.Generic.IDictionary`2<System.String,System.String>,System.String,System.Object[])
FNDA:16,WithBodyHavingProperty(System.String,System.String,System.String,System.Object[])
FNDA:0,get_Identifier()
FNDA:120,.ctor(Mockly.CapturedRequest[])
FNF:8
FNH:7
BRDA:361,361,94,4
BRDA:361,361,95,4
BRDA:363,363,96,4
BRDA:363,363,97,4
BRDA:363,363,98,4
BRDA:363,363,99,-
BRDA:369,369,100,4
BRDA:369,369,101,-
BRDA:372,372,102,4
BRDA:372,372,103,-
BRDA:411,411,104,4
BRDA:411,411,105,-
BRDA:422,422,106,4
BRDA:422,422,107,4
BRDA:427,427,108,4
BRDA:427,427,109,-
BRDA:430,430,110,4
BRDA:430,430,111,-
BRDA:442,442,112,4
BRDA:442,442,113,-
BRDA:454,454,114,4
BRDA:454,454,115,-
BRDA:458,458,116,4
BRDA:458,458,117,-
BRDA:459,459,118,4
BRDA:459,459,119,4
BRDA:497,497,120,4
BRDA:497,497,121,4
BRDA:499,499,122,4
BRDA:499,499,123,-
BRDA:500,500,124,4
BRDA:500,500,125,4
BRDA:506,506,126,4
BRDA:506,506,127,4
BRDA:511,511,128,4
BRDA:511,511,129,4
BRDA:511,511,130,4
BRDA:511,511,131,-
BRDA:520,520,132,4
BRDA:520,520,133,-
BRDA:531,531,134,4
BRDA:531,531,135,4
BRDA:562,562,136,4
BRDA:562,562,137,4
BRDA:564,564,138,4
BRDA:564,564,139,-
BRDA:570,570,140,4
BRDA:570,570,141,4
BRDA:572,572,142,4
BRDA:572,572,143,4
BRDA:574,574,144,4
BRDA:574,574,145,4
BRDA:580,580,146,4
BRDA:580,580,147,4
BRDA:587,587,148,4
BRDA:587,587,149,-
BRDA:630,630,150,4
BRDA:630,630,151,4
BRDA:632,632,152,4
BRDA:632,632,153,-
BRDA:638,638,154,4
BRDA:638,638,155,4
BRDA:640,640,156,4
BRDA:640,640,157,-
BRDA:646,646,158,4
BRDA:646,646,159,4
BRDA:653,653,160,4
BRDA:653,653,161,-
BRDA:694,694,162,4
BRDA:694,694,163,4
BRDA:696,696,164,4
BRDA:696,696,165,-
BRDA:702,702,166,4
BRDA:702,702,167,4
BRDA:704,704,168,4
BRDA:704,704,169,4
BRDA:710,710,170,4
BRDA:710,710,171,4
BRDA:717,717,172,4
BRDA:717,717,173,4
BRDA:336,336,174,4
BRDA:336,336,175,-
BRF:82
BRH:63
DA:336,120
DA:337,120
DA:341,120
DA:342,120
DA:343,120
DA:360,16
DA:361,76
DA:362,20
DA:363,20
DA:364,12
DA:365,12
DA:367,8
DA:369,4
DA:370,4
DA:372,4
DA:373,4
DA:374,4
DA:375,4
DA:376,4
DA:377,4
DA:378,4
DA:379,0
DA:381,0
DA:383,0
DA:384,0
DA:385,0
DA:386,0
DA:387,0
DA:388,0
DA:389,0
DA:390,0
DA:392,0
DA:393,12
DA:410,24
DA:411,24
DA:412,0
DA:414,0
DA:415,0
DA:416,0
DA:417,0
DA:418,0
DA:419,0
DA:422,24
DA:423,16
DA:425,16
DA:426,16
DA:427,16
DA:430,12
DA:431,12
DA:432,12
DA:433,12
DA:434,12
DA:435,12
DA:436,12
DA:437,12
DA:438,8
DA:439,4
DA:440,4
DA:442,4
DA:443,4
DA:444,4
DA:445,4
DA:446,4
DA:447,0
DA:449,8
DA:453,8
DA:454,40
DA:455,12
DA:457,12
DA:458,12
DA:459,12
DA:460,8
DA:461,8
DA:463,4
DA:464,0
DA:465,0
DA:467,0
DA:468,4
DA:471,0
DA:472,0
DA:473,0
DA:474,0
DA:475,0
DA:476,0
DA:478,0
DA:479,16
DA:494,12
DA:495,12
DA:496,12
DA:497,60
DA:498,16
DA:499,16
DA:500,16
DA:501,16
DA:502,16
DA:503,16
DA:505,16
DA:506,16
DA:507,8
DA:508,8
DA:511,8
DA:512,8
DA:513,8
DA:514,8
DA:515,8
DA:516,8
DA:517,8
DA:520,4
DA:521,4
DA:522,4
DA:523,4
DA:525,0
DA:526,0
DA:527,0
DA:528,0
DA:531,4
DA:532,4
DA:533,4
DA:534,4
DA:535,4
DA:536,4
DA:537,4
DA:538,8
DA:539,4
DA:540,4
DA:542,0
DA:543,8
DA:560,32
DA:561,32
DA:562,148
DA:563,40
DA:564,40
DA:565,0
DA:566,0
DA:569,40
DA:570,36
DA:571,36
DA:572,36
DA:573,96
DA:574,220
DA:576,36
DA:577,36
DA:579,36
DA:580,36
DA:581,24
DA:582,24
DA:584,12
DA:585,12
DA:587,4
DA:588,4
DA:590,4
DA:591,4
DA:592,4
DA:593,4
DA:594,4
DA:595,4
DA:596,4
DA:597,4
DA:598,0
DA:600,0
DA:602,0
DA:603,0
DA:604,0
DA:605,0
DA:606,0
DA:607,0
DA:608,0
DA:610,0
DA:611,24
DA:628,12
DA:629,12
DA:630,56
DA:631,12
DA:632,12
DA:633,0
DA:634,0
DA:637,12
DA:638,12
DA:639,12
DA:640,60
DA:642,12
DA:643,12
DA:645,12
DA:646,12
DA:647,4
DA:648,4
DA:650,8
DA:651,8
DA:653,8
DA:654,8
DA:656,8
DA:657,8
DA:658,8
DA:659,8
DA:660,8
DA:661,8
DA:662,8
DA:663,8
DA:664,0
DA:666,0
DA:668,0
DA:669,0
DA:670,0
DA:671,0
DA:672,0
DA:673,0
DA:674,0
DA:676,0
DA:677,4
DA:692,16
DA:693,16
DA:694,80
DA:695,20
DA:696,20
DA:697,0
DA:698,0
DA:701,20
DA:702,20
DA:703,20
DA:704,68
DA:706,20
DA:707,20
DA:709,20
DA:710,20
DA:711,8
DA:712,8
DA:714,12
DA:715,12
DA:717,8
DA:718,4
DA:720,4
DA:721,4
DA:722,4
DA:723,4
DA:724,4
DA:725,4
DA:726,4
DA:727,4
DA:728,0
DA:730,4
DA:732,4
DA:733,4
DA:734,4
DA:735,4
DA:736,4
DA:737,4
DA:738,4
DA:739,0
DA:741,0
DA:742,8
DA:746,0
LH:187
LF:251
end_of_record
SF:C:\Workspaces\fluentassertions.mockly\Shared\HttpMockAssertionExtensions.cs
FN:30,Should(Mockly.HttpMock)
FN:38,Should(Mockly.RequestCollection)
FN:46,Should(Mockly.CapturedRequest)
FNDA:8,Should(Mockly.HttpMock)
FNDA:156,Should(Mockly.RequestCollection)
FNDA:16,Should(Mockly.CapturedRequest)
FNF:3
FNH:3
BRF:0
BRH:0
DA:30,8
DA:31,8
DA:32,8
DA:38,156
DA:39,156
DA:40,156
DA:46,16
DA:47,16
DA:48,16
LH:9
LF:9
end_of_record
SF:C:\Workspaces\fluentassertions.mockly\Shared\HttpMockAssertionExtensions.cs
FN:69,HaveAllRequestsCalled(System.String,System.Object[])
FN:84,get_Identifier()
FN:58,.ctor(Mockly.HttpMock)
FNDA:8,HaveAllRequestsCalled(System.String,System.Object[])
FNDA:0,get_Identifier()
FNDA:8,.ctor(Mockly.HttpMock)
FNF:3
FNH:2
BRF:0
BRH:0
DA:58,8
DA:63,8
DA:69,8
DA:70,8
DA:73,8
DA:74,8
DA:75,8
DA:76,8
DA:77,8
DA:78,8
DA:79,8
DA:81,4
DA:82,4
DA:84,0
LH:13
LF:14
end_of_record
SF:C:\Workspaces\fluentassertions.mockly\Shared\HttpMockAssertionExtensions.cs
FN:110,NotContainUnexpectedCalls(System.String,System.Object[])
FN:140,ContainRequest(System.String,System.Object[])
FN:164,ContainRequestFor(System.Uri,System.String,System.Object[])
FN:179,ContainRequestFor(System.String,System.String,System.Object[])
FN:224,NotContainRequestFor(System.Uri,System.String,System.Object[])
FN:233,NotContainRequestFor(System.String,System.String,System.Object[])
FN:98,.ctor(Mockly.RequestCollection)
FNDA:12,NotContainUnexpectedCalls(System.String,System.Object[])
FNDA:112,ContainRequest(System.String,System.Object[])
FNDA:4,ContainRequestFor(System.Uri,System.String,System.Object[])
FNDA:20,ContainRequestFor(System.String,System.String,System.Object[])
FNDA:0,NotContainRequestFor(System.Uri,System.String,System.Object[])
FNDA:8,NotContainRequestFor(System.String,System.String,System.Object[])
FNDA:156,.ctor(Mockly.RequestCollection)
FNF:7
FNH:6
BRDA:181,181,176,4
BRDA:181,181,177,-
BRDA:186,186,178,4
BRDA:186,186,179,4
BRDA:191,191,180,4
BRDA:191,191,181,4
BRDA:197,197,182,4
BRDA:197,197,183,4
BRDA:234,234,184,4
BRDA:234,234,185,-
BRDA:237,237,186,4
BRDA:237,237,187,4
BRF:12
BRH:10
DA:98,156
DA:102,156
DA:103,156
DA:104,156
DA:110,12
DA:111,24
DA:114,12
DA:115,12
DA:116,12
DA:117,12
DA:118,12
DA:119,12
DA:120,12
DA:121,12
DA:122,12
DA:123,12
DA:124,16
DA:126,8
DA:127,8
DA:140,112
DA:142,112
DA:143,112
DA:144,112
DA:145,112
DA:146,112
DA:147,112
DA:148,112
DA:150,108
DA:151,108
DA:164,4
DA:165,4
DA:166,4
DA:179,20
DA:180,20
DA:181,16
DA:182,20
DA:184,20
DA:186,20
DA:187,4
DA:188,4
DA:189,4
DA:190,4
DA:191,16
DA:192,4
DA:193,4
DA:194,4
DA:196,4
DA:197,20
DA:198,4
DA:199,4
DA:200,4
DA:201,4
DA:203,12
DA:205,12
DA:208,20
DA:209,20
DA:210,20
DA:211,20
DA:212,20
DA:213,20
DA:214,20
DA:216,12
DA:217,12
DA:224,0
DA:225,0
DA:226,0
DA:233,8
DA:234,16
DA:237,8
DA:238,8
DA:239,8
DA:240,8
DA:241,8
DA:242,8
DA:243,8
DA:244,8
DA:245,4
DA:246,8
DA:247,8
DA:249,4
DA:250,4
LH:78
LF:81
end_of_record
