<?xml version="1.0" encoding="utf-8"?>
<coverage line-rate="0.8184" branch-rate="0.7765000000000001" version="1.9" timestamp="1774330868" lines-covered="311" lines-valid="380" branches-covered="73" branches-valid="94">
  <sources>
    <source>C:\</source>
  </sources>
  <packages>
    <package name="FluentAssertions.Mockly.v8" line-rate="0.8184" branch-rate="0.7765000000000001" complexity="110">
      <classes>
        <class name="Mockly.HttpMockAssertionExtensions" filename="Workspaces\fluentassertions.mockly\Shared\HttpMockAssertionExtensions.cs" line-rate="1" branch-rate="1" complexity="3">
          <methods>
            <method name="Should" signature="(Mockly.HttpMock)" line-rate="1" branch-rate="1" complexity="1">
              <lines>
                <line number="30" hits="2" branch="False" />
                <line number="31" hits="2" branch="False" />
                <line number="32" hits="2" branch="False" />
              </lines>
            </method>
            <method name="Should" signature="(Mockly.RequestCollection)" line-rate="1" branch-rate="1" complexity="1">
              <lines>
                <line number="38" hits="39" branch="False" />
                <line number="39" hits="39" branch="False" />
                <line number="40" hits="39" branch="False" />
              </lines>
            </method>
            <method name="Should" signature="(Mockly.CapturedRequest)" line-rate="1" branch-rate="1" complexity="1">
              <lines>
                <line number="46" hits="4" branch="False" />
                <line number="47" hits="4" branch="False" />
                <line number="48" hits="4" branch="False" />
              </lines>
            </method>
          </methods>
          <lines>
            <line number="30" hits="2" branch="False" />
            <line number="31" hits="2" branch="False" />
            <line number="32" hits="2" branch="False" />
            <line number="38" hits="39" branch="False" />
            <line number="39" hits="39" branch="False" />
            <line number="40" hits="39" branch="False" />
            <line number="46" hits="4" branch="False" />
            <line number="47" hits="4" branch="False" />
            <line number="48" hits="4" branch="False" />
          </lines>
        </class>
        <class name="Mockly.HttpMockAssertions" filename="Workspaces\fluentassertions.mockly\Shared\HttpMockAssertionExtensions.cs" line-rate="0.9285" branch-rate="1" complexity="3">
          <methods>
            <method name="HaveAllRequestsCalled" signature="(System.String,System.Object[])" line-rate="1" branch-rate="1" complexity="1">
              <lines>
                <line number="69" hits="2" branch="False" />
                <line number="70" hits="2" branch="False" />
                <line number="73" hits="2" branch="False" />
                <line number="74" hits="2" branch="False" />
                <line number="75" hits="2" branch="False" />
                <line number="76" hits="2" branch="False" />
                <line number="77" hits="2" branch="False" />
                <line number="78" hits="2" branch="False" />
                <line number="79" hits="2" branch="False" />
                <line number="81" hits="1" branch="False" />
                <line number="82" hits="1" branch="False" />
              </lines>
            </method>
            <method name="get_Identifier" signature="()" line-rate="0" branch-rate="1" complexity="1">
              <lines>
                <line number="84" hits="0" branch="False" />
              </lines>
            </method>
            <method name=".ctor" signature="(Mockly.HttpMock)" line-rate="1" branch-rate="1" complexity="1">
              <lines>
                <line number="58" hits="2" branch="False" />
                <line number="63" hits="2" branch="False" />
              </lines>
            </method>
          </methods>
          <lines>
            <line number="69" hits="2" branch="False" />
            <line number="70" hits="2" branch="False" />
            <line number="73" hits="2" branch="False" />
            <line number="74" hits="2" branch="False" />
            <line number="75" hits="2" branch="False" />
            <line number="76" hits="2" branch="False" />
            <line number="77" hits="2" branch="False" />
            <line number="78" hits="2" branch="False" />
            <line number="79" hits="2" branch="False" />
            <line number="81" hits="1" branch="False" />
            <line number="82" hits="1" branch="False" />
            <line number="84" hits="0" branch="False" />
            <line number="58" hits="2" branch="False" />
            <line number="63" hits="2" branch="False" />
          </lines>
        </class>
        <class name="Mockly.RequestCollectionAssertions" filename="Workspaces\fluentassertions.mockly\Shared\HttpMockAssertionExtensions.cs" line-rate="0.9629000000000001" branch-rate="0.8332999999999999" complexity="17">
          <methods>
            <method name="NotContainUnexpectedCalls" signature="(System.String,System.Object[])" line-rate="1" branch-rate="1" complexity="1">
              <lines>
                <line number="110" hits="3" branch="False" />
                <line number="111" hits="6" branch="False" />
                <line number="114" hits="3" branch="False" />
                <line number="115" hits="3" branch="False" />
                <line number="116" hits="3" branch="False" />
                <line number="117" hits="3" branch="False" />
                <line number="118" hits="3" branch="False" />
                <line number="119" hits="3" branch="False" />
                <line number="120" hits="3" branch="False" />
                <line number="121" hits="3" branch="False" />
                <line number="122" hits="3" branch="False" />
                <line number="123" hits="3" branch="False" />
                <line number="124" hits="4" branch="False" />
                <line number="126" hits="2" branch="False" />
                <line number="127" hits="2" branch="False" />
              </lines>
            </method>
            <method name="ContainRequest" signature="(System.String,System.Object[])" line-rate="1" branch-rate="1" complexity="1">
              <lines>
                <line number="140" hits="28" branch="False" />
                <line number="142" hits="28" branch="False" />
                <line number="143" hits="28" branch="False" />
                <line number="144" hits="28" branch="False" />
                <line number="145" hits="28" branch="False" />
                <line number="146" hits="28" branch="False" />
                <line number="147" hits="28" branch="False" />
                <line number="148" hits="28" branch="False" />
                <line number="150" hits="27" branch="False" />
                <line number="151" hits="27" branch="False" />
              </lines>
            </method>
            <method name="ContainRequestFor" signature="(System.Uri,System.String,System.Object[])" line-rate="1" branch-rate="1" complexity="1">
              <lines>
                <line number="164" hits="1" branch="False" />
                <line number="165" hits="1" branch="False" />
                <line number="166" hits="1" branch="False" />
              </lines>
            </method>
            <method name="ContainRequestFor" signature="(System.String,System.String,System.Object[])" line-rate="1" branch-rate="0.875" complexity="8">
              <lines>
                <line number="179" hits="5" branch="False" />
                <line number="180" hits="5" branch="False" />
                <line number="181" hits="4" branch="True" condition-coverage="50% (1/2)">
                  <conditions>
                    <condition number="6" type="jump" coverage="50%" />
                  </conditions>
                </line>
                <line number="182" hits="5" branch="False" />
                <line number="184" hits="5" branch="False" />
                <line number="186" hits="5" branch="True" condition-coverage="100% (2/2)">
                  <conditions>
                    <condition number="65" type="jump" coverage="100%" />
                  </conditions>
                </line>
                <line number="187" hits="1" branch="False" />
                <line number="188" hits="1" branch="False" />
                <line number="189" hits="1" branch="False" />
                <line number="190" hits="1" branch="False" />
                <line number="191" hits="4" branch="True" condition-coverage="100% (2/2)">
                  <conditions>
                    <condition number="101" type="jump" coverage="100%" />
                  </conditions>
                </line>
                <line number="192" hits="1" branch="False" />
                <line number="193" hits="1" branch="False" />
                <line number="194" hits="1" branch="False" />
                <line number="196" hits="1" branch="False" />
                <line number="197" hits="5" branch="True" condition-coverage="100% (2/2)">
                  <conditions>
                    <condition number="210" type="jump" coverage="100%" />
                  </conditions>
                </line>
                <line number="198" hits="1" branch="False" />
                <line number="199" hits="1" branch="False" />
                <line number="200" hits="1" branch="False" />
                <line number="201" hits="1" branch="False" />
                <line number="203" hits="3" branch="False" />
                <line number="205" hits="3" branch="False" />
                <line number="208" hits="5" branch="False" />
                <line number="209" hits="5" branch="False" />
                <line number="210" hits="5" branch="False" />
                <line number="211" hits="5" branch="False" />
                <line number="212" hits="5" branch="False" />
                <line number="213" hits="5" branch="False" />
                <line number="214" hits="5" branch="False" />
                <line number="216" hits="3" branch="False" />
                <line number="217" hits="3" branch="False" />
              </lines>
            </method>
            <method name="NotContainRequestFor" signature="(System.Uri,System.String,System.Object[])" line-rate="0" branch-rate="1" complexity="1">
              <lines>
                <line number="224" hits="0" branch="False" />
                <line number="225" hits="0" branch="False" />
                <line number="226" hits="0" branch="False" />
              </lines>
            </method>
            <method name="NotContainRequestFor" signature="(System.String,System.String,System.Object[])" line-rate="1" branch-rate="0.75" complexity="4">
              <lines>
                <line number="233" hits="2" branch="False" />
                <line number="234" hits="4" branch="True" condition-coverage="50% (1/2)">
                  <conditions>
                    <condition number="6" type="jump" coverage="50%" />
                  </conditions>
                </line>
                <line number="237" hits="2" branch="True" condition-coverage="100% (2/2)">
                  <conditions>
                    <condition number="75" type="jump" coverage="100%" />
                  </conditions>
                </line>
                <line number="238" hits="2" branch="False" />
                <line number="239" hits="2" branch="False" />
                <line number="240" hits="2" branch="False" />
                <line number="241" hits="2" branch="False" />
                <line number="242" hits="2" branch="False" />
                <line number="243" hits="2" branch="False" />
                <line number="244" hits="2" branch="False" />
                <line number="245" hits="1" branch="False" />
                <line number="246" hits="2" branch="False" />
                <line number="247" hits="2" branch="False" />
                <line number="249" hits="1" branch="False" />
                <line number="250" hits="1" branch="False" />
              </lines>
            </method>
            <method name=".ctor" signature="(Mockly.RequestCollection)" line-rate="1" branch-rate="1" complexity="1">
              <lines>
                <line number="98" hits="39" branch="False" />
                <line number="102" hits="39" branch="False" />
                <line number="103" hits="39" branch="False" />
                <line number="104" hits="39" branch="False" />
              </lines>
            </method>
          </methods>
          <lines>
            <line number="110" hits="3" branch="False" />
            <line number="111" hits="6" branch="False" />
            <line number="114" hits="3" branch="False" />
            <line number="115" hits="3" branch="False" />
            <line number="116" hits="3" branch="False" />
            <line number="117" hits="3" branch="False" />
            <line number="118" hits="3" branch="False" />
            <line number="119" hits="3" branch="False" />
            <line number="120" hits="3" branch="False" />
            <line number="121" hits="3" branch="False" />
            <line number="122" hits="3" branch="False" />
            <line number="123" hits="3" branch="False" />
            <line number="124" hits="4" branch="False" />
            <line number="126" hits="2" branch="False" />
            <line number="127" hits="2" branch="False" />
            <line number="140" hits="28" branch="False" />
            <line number="142" hits="28" branch="False" />
            <line number="143" hits="28" branch="False" />
            <line number="144" hits="28" branch="False" />
            <line number="145" hits="28" branch="False" />
            <line number="146" hits="28" branch="False" />
            <line number="147" hits="28" branch="False" />
            <line number="148" hits="28" branch="False" />
            <line number="150" hits="27" branch="False" />
            <line number="151" hits="27" branch="False" />
            <line number="164" hits="1" branch="False" />
            <line number="165" hits="1" branch="False" />
            <line number="166" hits="1" branch="False" />
            <line number="179" hits="5" branch="False" />
            <line number="180" hits="5" branch="False" />
            <line number="181" hits="4" branch="True" condition-coverage="50% (1/2)">
              <conditions>
                <condition number="6" type="jump" coverage="50%" />
              </conditions>
            </line>
            <line number="182" hits="5" branch="False" />
            <line number="184" hits="5" branch="False" />
            <line number="186" hits="5" branch="True" condition-coverage="100% (2/2)">
              <conditions>
                <condition number="65" type="jump" coverage="100%" />
              </conditions>
            </line>
            <line number="187" hits="1" branch="False" />
            <line number="188" hits="1" branch="False" />
            <line number="189" hits="1" branch="False" />
            <line number="190" hits="1" branch="False" />
            <line number="191" hits="4" branch="True" condition-coverage="100% (2/2)">
              <conditions>
                <condition number="101" type="jump" coverage="100%" />
              </conditions>
            </line>
            <line number="192" hits="1" branch="False" />
            <line number="193" hits="1" branch="False" />
            <line number="194" hits="1" branch="False" />
            <line number="196" hits="1" branch="False" />
            <line number="197" hits="5" branch="True" condition-coverage="100% (2/2)">
              <conditions>
                <condition number="210" type="jump" coverage="100%" />
              </conditions>
            </line>
            <line number="198" hits="1" branch="False" />
            <line number="199" hits="1" branch="False" />
            <line number="200" hits="1" branch="False" />
            <line number="201" hits="1" branch="False" />
            <line number="203" hits="3" branch="False" />
            <line number="205" hits="3" branch="False" />
            <line number="208" hits="5" branch="False" />
            <line number="209" hits="5" branch="False" />
            <line number="210" hits="5" branch="False" />
            <line number="211" hits="5" branch="False" />
            <line number="212" hits="5" branch="False" />
            <line number="213" hits="5" branch="False" />
            <line number="214" hits="5" branch="False" />
            <line number="216" hits="3" branch="False" />
            <line number="217" hits="3" branch="False" />
            <line number="224" hits="0" branch="False" />
            <line number="225" hits="0" branch="False" />
            <line number="226" hits="0" branch="False" />
            <line number="233" hits="2" branch="False" />
            <line number="234" hits="4" branch="True" condition-coverage="50% (1/2)">
              <conditions>
                <condition number="6" type="jump" coverage="50%" />
              </conditions>
            </line>
            <line number="237" hits="2" branch="True" condition-coverage="100% (2/2)">
              <conditions>
                <condition number="75" type="jump" coverage="100%" />
              </conditions>
            </line>
            <line number="238" hits="2" branch="False" />
            <line number="239" hits="2" branch="False" />
            <line number="240" hits="2" branch="False" />
            <line number="241" hits="2" branch="False" />
            <line number="242" hits="2" branch="False" />
            <line number="243" hits="2" branch="False" />
            <line number="244" hits="2" branch="False" />
            <line number="245" hits="1" branch="False" />
            <line number="246" hits="2" branch="False" />
            <line number="247" hits="2" branch="False" />
            <line number="249" hits="1" branch="False" />
            <line number="250" hits="1" branch="False" />
            <line number="98" hits="39" branch="False" />
            <line number="102" hits="39" branch="False" />
            <line number="103" hits="39" branch="False" />
            <line number="104" hits="39" branch="False" />
          </lines>
        </class>
        <class name="Mockly.CapturedRequestAssertions" filename="Workspaces\fluentassertions.mockly\Shared\HttpMockAssertionExtensions.cs" line-rate="0.96" branch-rate="1" complexity="4">
          <methods>
            <method name="BeExpected" signature="(System.String,System.Object[])" line-rate="1" branch-rate="1" complexity="1">
              <lines>
                <line number="283" hits="2" branch="False" />
                <line number="285" hits="2" branch="False" />
                <line number="286" hits="2" branch="False" />
                <line number="287" hits="2" branch="False" />
                <line number="288" hits="2" branch="False" />
                <line number="289" hits="2" branch="False" />
                <line number="290" hits="2" branch="False" />
                <line number="291" hits="2" branch="False" />
                <line number="293" hits="1" branch="False" />
                <line number="294" hits="1" branch="False" />
              </lines>
            </method>
            <method name="BeUnexpected" signature="(System.String,System.Object[])" line-rate="1" branch-rate="1" complexity="1">
              <lines>
                <line number="307" hits="2" branch="False" />
                <line number="309" hits="2" branch="False" />
                <line number="310" hits="2" branch="False" />
                <line number="311" hits="2" branch="False" />
                <line number="312" hits="2" branch="False" />
                <line number="313" hits="2" branch="False" />
                <line number="314" hits="2" branch="False" />
                <line number="315" hits="2" branch="False" />
                <line number="317" hits="1" branch="False" />
                <line number="318" hits="1" branch="False" />
              </lines>
            </method>
            <method name="get_Identifier" signature="()" line-rate="0" branch-rate="1" complexity="1">
              <lines>
                <line number="322" hits="0" branch="False" />
              </lines>
            </method>
            <method name=".ctor" signature="(Mockly.CapturedRequest)" line-rate="1" branch-rate="1" complexity="1">
              <lines>
                <line number="264" hits="4" branch="False" />
                <line number="268" hits="4" branch="False" />
                <line number="269" hits="4" branch="False" />
                <line number="270" hits="4" branch="False" />
              </lines>
            </method>
          </methods>
          <lines>
            <line number="283" hits="2" branch="False" />
            <line number="285" hits="2" branch="False" />
            <line number="286" hits="2" branch="False" />
            <line number="287" hits="2" branch="False" />
            <line number="288" hits="2" branch="False" />
            <line number="289" hits="2" branch="False" />
            <line number="290" hits="2" branch="False" />
            <line number="291" hits="2" branch="False" />
            <line number="293" hits="1" branch="False" />
            <line number="294" hits="1" branch="False" />
            <line number="307" hits="2" branch="False" />
            <line number="309" hits="2" branch="False" />
            <line number="310" hits="2" branch="False" />
            <line number="311" hits="2" branch="False" />
            <line number="312" hits="2" branch="False" />
            <line number="313" hits="2" branch="False" />
            <line number="314" hits="2" branch="False" />
            <line number="315" hits="2" branch="False" />
            <line number="317" hits="1" branch="False" />
            <line number="318" hits="1" branch="False" />
            <line number="322" hits="0" branch="False" />
            <line number="264" hits="4" branch="False" />
            <line number="268" hits="4" branch="False" />
            <line number="269" hits="4" branch="False" />
            <line number="270" hits="4" branch="False" />
          </lines>
        </class>
        <class name="Mockly.ContainedRequestAssertions" filename="Workspaces\fluentassertions.mockly\Shared\HttpMockAssertionExtensions.cs" line-rate="0.745" branch-rate="0.7681999999999999" complexity="83">
          <methods>
            <method name="WithBody" signature="(System.String,System.String,System.Object[])" line-rate="0.6071" branch-rate="0.7" complexity="10">
              <lines>
                <line number="360" hits="4" branch="False" />
                <line number="361" hits="19" branch="True" condition-coverage="100% (2/2)">
                  <conditions>
                    <condition number="69" type="jump" coverage="100%" />
                  </conditions>
                </line>
                <line number="362" hits="5" branch="False" />
                <line number="363" hits="5" branch="True" condition-coverage="75% (3/4)">
                  <conditions>
                    <condition number="24" type="jump" coverage="50%" />
                    <condition number="43" type="jump" coverage="100%" />
                  </conditions>
                </line>
                <line number="364" hits="3" branch="False" />
                <line number="365" hits="3" branch="False" />
                <line number="367" hits="2" branch="False" />
                <line number="369" hits="1" branch="True" condition-coverage="50% (1/2)">
                  <conditions>
                    <condition number="86" type="jump" coverage="50%" />
                  </conditions>
                </line>
                <line number="370" hits="1" branch="False" />
                <line number="372" hits="1" branch="True" condition-coverage="50% (1/2)">
                  <conditions>
                    <condition number="132" type="jump" coverage="50%" />
                  </conditions>
                </line>
                <line number="373" hits="1" branch="False" />
                <line number="374" hits="1" branch="False" />
                <line number="375" hits="1" branch="False" />
                <line number="376" hits="1" branch="False" />
                <line number="377" hits="1" branch="False" />
                <line number="378" hits="1" branch="False" />
                <line number="379" hits="0" branch="False" />
                <line number="381" hits="0" branch="False" />
                <line number="383" hits="0" branch="False" />
                <line number="384" hits="0" branch="False" />
                <line number="385" hits="0" branch="False" />
                <line number="386" hits="0" branch="False" />
                <line number="387" hits="0" branch="False" />
                <line number="388" hits="0" branch="False" />
                <line number="389" hits="0" branch="False" />
                <line number="390" hits="0" branch="False" />
                <line number="392" hits="0" branch="False" />
                <line number="393" hits="3" branch="False" />
              </lines>
            </method>
            <method name="WithBodyMatchingJson" signature="(System.String,System.String,System.Object[])" line-rate="0.6603" branch-rate="0.625" complexity="16">
              <lines>
                <line number="410" hits="6" branch="False" />
                <line number="411" hits="6" branch="True" condition-coverage="50% (1/2)">
                  <conditions>
                    <condition number="9" type="jump" coverage="50%" />
                  </conditions>
                </line>
                <line number="412" hits="0" branch="False" />
                <line number="414" hits="0" branch="False" />
                <line number="415" hits="0" branch="False" />
                <line number="416" hits="0" branch="False" />
                <line number="417" hits="0" branch="False" />
                <line number="418" hits="0" branch="False" />
                <line number="419" hits="0" branch="False" />
                <line number="422" hits="6" branch="True" condition-coverage="100% (2/2)">
                  <conditions>
                    <condition number="42" type="jump" coverage="100%" />
                  </conditions>
                </line>
                <line number="423" hits="4" branch="False" />
                <line number="425" hits="4" branch="False" />
                <line number="426" hits="4" branch="False" />
                <line number="427" hits="4" branch="True" condition-coverage="50% (1/2)">
                  <conditions>
                    <condition number="80" type="jump" coverage="50%" />
                  </conditions>
                </line>
                <line number="430" hits="3" branch="True" condition-coverage="50% (1/2)">
                  <conditions>
                    <condition number="179" type="jump" coverage="50%" />
                  </conditions>
                </line>
                <line number="431" hits="3" branch="False" />
                <line number="432" hits="3" branch="False" />
                <line number="433" hits="3" branch="False" />
                <line number="434" hits="3" branch="False" />
                <line number="435" hits="3" branch="False" />
                <line number="436" hits="3" branch="False" />
                <line number="437" hits="3" branch="False" />
                <line number="438" hits="2" branch="False" />
                <line number="439" hits="1" branch="False" />
                <line number="440" hits="1" branch="False" />
                <line number="442" hits="1" branch="True" condition-coverage="50% (1/2)">
                  <conditions>
                    <condition number="259" type="jump" coverage="50%" />
                  </conditions>
                </line>
                <line number="443" hits="1" branch="False" />
                <line number="444" hits="1" branch="False" />
                <line number="445" hits="1" branch="False" />
                <line number="446" hits="1" branch="False" />
                <line number="447" hits="0" branch="False" />
                <line number="449" hits="2" branch="False" />
                <line number="453" hits="2" branch="False" />
                <line number="454" hits="10" branch="True" condition-coverage="50% (1/2)">
                  <conditions>
                    <condition number="441" type="jump" coverage="50%" />
                  </conditions>
                </line>
                <line number="455" hits="3" branch="False" />
                <line number="457" hits="3" branch="False" />
                <line number="458" hits="3" branch="True" condition-coverage="50% (1/2)">
                  <conditions>
                    <condition number="343" type="jump" coverage="50%" />
                  </conditions>
                </line>
                <line number="459" hits="3" branch="True" condition-coverage="100% (2/2)">
                  <conditions>
                    <condition number="390" type="jump" coverage="100%" />
                  </conditions>
                </line>
                <line number="460" hits="2" branch="False" />
                <line number="461" hits="2" branch="False" />
                <line number="463" hits="1" branch="False" />
                <line number="464" hits="0" branch="False" />
                <line number="465" hits="0" branch="False" />
                <line number="467" hits="0" branch="False" />
                <line number="468" hits="1" branch="False" />
                <line number="471" hits="0" branch="False" />
                <line number="472" hits="0" branch="False" />
                <line number="473" hits="0" branch="False" />
                <line number="474" hits="0" branch="False" />
                <line number="475" hits="0" branch="False" />
                <line number="476" hits="0" branch="False" />
                <line number="478" hits="0" branch="False" />
                <line number="479" hits="4" branch="False" />
              </lines>
            </method>
            <method name="WithBodyEquivalentTo" signature="(T,System.String,System.Object[])" line-rate="0.878" branch-rate="0.8125" complexity="16">
              <lines>
                <line number="494" hits="3" branch="False" />
                <line number="495" hits="3" branch="False" />
                <line number="496" hits="3" branch="False" />
                <line number="497" hits="15" branch="True" condition-coverage="100% (2/2)">
                  <conditions>
                    <condition number="208" type="jump" coverage="100%" />
                  </conditions>
                </line>
                <line number="498" hits="4" branch="False" />
                <line number="499" hits="4" branch="True" condition-coverage="50% (1/2)">
                  <conditions>
                    <condition number="39" type="jump" coverage="50%" />
                  </conditions>
                </line>
                <line number="500" hits="4" branch="True" condition-coverage="100% (2/2)">
                  <conditions>
                    <condition number="82" type="jump" coverage="100%" />
                  </conditions>
                </line>
                <line number="501" hits="4" branch="False" />
                <line number="502" hits="4" branch="False" />
                <line number="503" hits="4" branch="False" />
                <line number="505" hits="4" branch="False" />
                <line number="506" hits="4" branch="True" condition-coverage="100% (2/2)">
                  <conditions>
                    <condition number="132" type="jump" coverage="100%" />
                  </conditions>
                </line>
                <line number="507" hits="2" branch="False" />
                <line number="508" hits="2" branch="False" />
                <line number="511" hits="2" branch="True" condition-coverage="75% (3/4)">
                  <conditions>
                    <condition number="152" type="jump" coverage="50%" />
                    <condition number="170" type="jump" coverage="100%" />
                  </conditions>
                </line>
                <line number="512" hits="2" branch="False" />
                <line number="513" hits="2" branch="False" />
                <line number="514" hits="2" branch="False" />
                <line number="515" hits="2" branch="False" />
                <line number="516" hits="2" branch="False" />
                <line number="517" hits="2" branch="False" />
                <line number="520" hits="1" branch="True" condition-coverage="50% (1/2)">
                  <conditions>
                    <condition number="228" type="jump" coverage="50%" />
                  </conditions>
                </line>
                <line number="521" hits="1" branch="False" />
                <line number="522" hits="1" branch="False" />
                <line number="523" hits="1" branch="False" />
                <line number="525" hits="0" branch="False" />
                <line number="526" hits="0" branch="False" />
                <line number="527" hits="0" branch="False" />
                <line number="528" hits="0" branch="False" />
                <line number="531" hits="1" branch="True" condition-coverage="100% (2/2)">
                  <conditions>
                    <condition number="278" type="jump" coverage="100%" />
                  </conditions>
                </line>
                <line number="532" hits="1" branch="False" />
                <line number="533" hits="1" branch="False" />
                <line number="534" hits="1" branch="False" />
                <line number="535" hits="1" branch="False" />
                <line number="536" hits="1" branch="False" />
                <line number="537" hits="1" branch="False" />
                <line number="538" hits="2" branch="False" />
                <line number="539" hits="1" branch="False" />
                <line number="540" hits="1" branch="False" />
                <line number="542" hits="0" branch="False" />
                <line number="543" hits="2" branch="False" />
              </lines>
            </method>
            <method name="WithBodyHavingPropertiesOf" signature="(System.Collections.Generic.IDictionary`2&lt;System.String,System.String&gt;,System.String,System.Object[])" line-rate="0.7142000000000001" branch-rate="0.8571" complexity="14">
              <lines>
                <line number="560" hits="8" branch="False" />
                <line number="561" hits="8" branch="False" />
                <line number="562" hits="37" branch="True" condition-coverage="100% (2/2)">
                  <conditions>
                    <condition number="290" type="jump" coverage="100%" />
                  </conditions>
                </line>
                <line number="563" hits="10" branch="False" />
                <line number="564" hits="10" branch="True" condition-coverage="50% (1/2)">
                  <conditions>
                    <condition number="55" type="jump" coverage="50%" />
                  </conditions>
                </line>
                <line number="565" hits="0" branch="False" />
                <line number="566" hits="0" branch="False" />
                <line number="569" hits="10" branch="False" />
                <line number="570" hits="9" branch="True" condition-coverage="100% (2/2)">
                  <conditions>
                    <condition number="87" type="jump" coverage="100%" />
                  </conditions>
                </line>
                <line number="571" hits="9" branch="False" />
                <line number="572" hits="9" branch="True" condition-coverage="100% (2/2)">
                  <conditions>
                    <condition number="102" type="jump" coverage="100%" />
                  </conditions>
                </line>
                <line number="573" hits="24" branch="False" />
                <line number="574" hits="55" branch="True" condition-coverage="100% (2/2)">
                  <conditions>
                    <condition number="8" type="jump" coverage="100%" />
                  </conditions>
                </line>
                <line number="576" hits="9" branch="False" />
                <line number="577" hits="9" branch="False" />
                <line number="579" hits="9" branch="False" />
                <line number="580" hits="9" branch="True" condition-coverage="100% (2/2)">
                  <conditions>
                    <condition number="247" type="jump" coverage="100%" />
                  </conditions>
                </line>
                <line number="581" hits="6" branch="False" />
                <line number="582" hits="6" branch="False" />
                <line number="584" hits="3" branch="False" />
                <line number="585" hits="3" branch="False" />
                <line number="587" hits="1" branch="True" condition-coverage="50% (1/2)">
                  <conditions>
                    <condition number="310" type="jump" coverage="50%" />
                  </conditions>
                </line>
                <line number="588" hits="1" branch="False" />
                <line number="590" hits="1" branch="False" />
                <line number="591" hits="1" branch="False" />
                <line number="592" hits="1" branch="False" />
                <line number="593" hits="1" branch="False" />
                <line number="594" hits="1" branch="False" />
                <line number="595" hits="1" branch="False" />
                <line number="596" hits="1" branch="False" />
                <line number="597" hits="1" branch="False" />
                <line number="598" hits="0" branch="False" />
                <line number="600" hits="0" branch="False" />
                <line number="602" hits="0" branch="False" />
                <line number="603" hits="0" branch="False" />
                <line number="604" hits="0" branch="False" />
                <line number="605" hits="0" branch="False" />
                <line number="606" hits="0" branch="False" />
                <line number="607" hits="0" branch="False" />
                <line number="608" hits="0" branch="False" />
                <line number="610" hits="0" branch="False" />
                <line number="611" hits="6" branch="False" />
              </lines>
            </method>
            <method name="WithBodyHavingPropertiesEqualTo" signature="(System.Collections.Generic.IDictionary`2&lt;System.String,System.String&gt;,System.String,System.Object[])" line-rate="0.7" branch-rate="0.75" complexity="12">
              <lines>
                <line number="628" hits="3" branch="False" />
                <line number="629" hits="3" branch="False" />
                <line number="630" hits="14" branch="True" condition-coverage="100% (2/2)">
                  <conditions>
                    <condition number="230" type="jump" coverage="100%" />
                  </conditions>
                </line>
                <line number="631" hits="3" branch="False" />
                <line number="632" hits="3" branch="True" condition-coverage="50% (1/2)">
                  <conditions>
                    <condition number="40" type="jump" coverage="50%" />
                  </conditions>
                </line>
                <line number="633" hits="0" branch="False" />
                <line number="634" hits="0" branch="False" />
                <line number="637" hits="3" branch="False" />
                <line number="638" hits="3" branch="True" condition-coverage="100% (2/2)">
                  <conditions>
                    <condition number="71" type="jump" coverage="100%" />
                  </conditions>
                </line>
                <line number="639" hits="3" branch="False" />
                <line number="640" hits="15" branch="True" condition-coverage="50% (1/2)">
                  <conditions>
                    <condition number="8" type="jump" coverage="50%" />
                  </conditions>
                </line>
                <line number="642" hits="3" branch="False" />
                <line number="643" hits="3" branch="False" />
                <line number="645" hits="3" branch="False" />
                <line number="646" hits="3" branch="True" condition-coverage="100% (2/2)">
                  <conditions>
                    <condition number="188" type="jump" coverage="100%" />
                  </conditions>
                </line>
                <line number="647" hits="1" branch="False" />
                <line number="648" hits="1" branch="False" />
                <line number="650" hits="2" branch="False" />
                <line number="651" hits="2" branch="False" />
                <line number="653" hits="2" branch="True" condition-coverage="50% (1/2)">
                  <conditions>
                    <condition number="250" type="jump" coverage="50%" />
                  </conditions>
                </line>
                <line number="654" hits="2" branch="False" />
                <line number="656" hits="2" branch="False" />
                <line number="657" hits="2" branch="False" />
                <line number="658" hits="2" branch="False" />
                <line number="659" hits="2" branch="False" />
                <line number="660" hits="2" branch="False" />
                <line number="661" hits="2" branch="False" />
                <line number="662" hits="2" branch="False" />
                <line number="663" hits="2" branch="False" />
                <line number="664" hits="0" branch="False" />
                <line number="666" hits="0" branch="False" />
                <line number="668" hits="0" branch="False" />
                <line number="669" hits="0" branch="False" />
                <line number="670" hits="0" branch="False" />
                <line number="671" hits="0" branch="False" />
                <line number="672" hits="0" branch="False" />
                <line number="673" hits="0" branch="False" />
                <line number="674" hits="0" branch="False" />
                <line number="676" hits="0" branch="False" />
                <line number="677" hits="1" branch="False" />
              </lines>
            </method>
            <method name="WithBodyHavingProperty" signature="(System.String,System.String,System.String,System.Object[])" line-rate="0.878" branch-rate="0.9166" complexity="12">
              <lines>
                <line number="692" hits="4" branch="False" />
                <line number="693" hits="4" branch="False" />
                <line number="694" hits="20" branch="True" condition-coverage="100% (2/2)">
                  <conditions>
                    <condition number="232" type="jump" coverage="100%" />
                  </conditions>
                </line>
                <line number="695" hits="5" branch="False" />
                <line number="696" hits="5" branch="True" condition-coverage="50% (1/2)">
                  <conditions>
                    <condition number="40" type="jump" coverage="50%" />
                  </conditions>
                </line>
                <line number="697" hits="0" branch="False" />
                <line number="698" hits="0" branch="False" />
                <line number="701" hits="5" branch="False" />
                <line number="702" hits="5" branch="True" condition-coverage="100% (2/2)">
                  <conditions>
                    <condition number="71" type="jump" coverage="100%" />
                  </conditions>
                </line>
                <line number="703" hits="5" branch="False" />
                <line number="704" hits="17" branch="True" condition-coverage="100% (2/2)">
                  <conditions>
                    <condition number="8" type="jump" coverage="100%" />
                  </conditions>
                </line>
                <line number="706" hits="5" branch="False" />
                <line number="707" hits="5" branch="False" />
                <line number="709" hits="5" branch="False" />
                <line number="710" hits="5" branch="True" condition-coverage="100% (2/2)">
                  <conditions>
                    <condition number="190" type="jump" coverage="100%" />
                  </conditions>
                </line>
                <line number="711" hits="2" branch="False" />
                <line number="712" hits="2" branch="False" />
                <line number="714" hits="3" branch="False" />
                <line number="715" hits="3" branch="False" />
                <line number="717" hits="2" branch="True" condition-coverage="100% (2/2)">
                  <conditions>
                    <condition number="252" type="jump" coverage="100%" />
                  </conditions>
                </line>
                <line number="718" hits="1" branch="False" />
                <line number="720" hits="1" branch="False" />
                <line number="721" hits="1" branch="False" />
                <line number="722" hits="1" branch="False" />
                <line number="723" hits="1" branch="False" />
                <line number="724" hits="1" branch="False" />
                <line number="725" hits="1" branch="False" />
                <line number="726" hits="1" branch="False" />
                <line number="727" hits="1" branch="False" />
                <line number="728" hits="0" branch="False" />
                <line number="730" hits="1" branch="False" />
                <line number="732" hits="1" branch="False" />
                <line number="733" hits="1" branch="False" />
                <line number="734" hits="1" branch="False" />
                <line number="735" hits="1" branch="False" />
                <line number="736" hits="1" branch="False" />
                <line number="737" hits="1" branch="False" />
                <line number="738" hits="1" branch="False" />
                <line number="739" hits="0" branch="False" />
                <line number="741" hits="0" branch="False" />
                <line number="742" hits="2" branch="False" />
              </lines>
            </method>
            <method name="get_Identifier" signature="()" line-rate="0" branch-rate="1" complexity="1">
              <lines>
                <line number="746" hits="0" branch="False" />
              </lines>
            </method>
            <method name=".ctor" signature="(Mockly.CapturedRequest[])" line-rate="1" branch-rate="0.5" complexity="2">
              <lines>
                <line number="336" hits="30" branch="True" condition-coverage="50% (1/2)">
                  <conditions>
                    <condition number="3" type="jump" coverage="50%" />
                  </conditions>
                </line>
                <line number="337" hits="30" branch="False" />
                <line number="341" hits="30" branch="False" />
                <line number="342" hits="30" branch="False" />
                <line number="343" hits="30" branch="False" />
              </lines>
            </method>
          </methods>
          <lines>
            <line number="360" hits="4" branch="False" />
            <line number="361" hits="19" branch="True" condition-coverage="100% (2/2)">
              <conditions>
                <condition number="69" type="jump" coverage="100%" />
              </conditions>
            </line>
            <line number="362" hits="5" branch="False" />
            <line number="363" hits="5" branch="True" condition-coverage="75% (3/4)">
              <conditions>
                <condition number="24" type="jump" coverage="50%" />
                <condition number="43" type="jump" coverage="100%" />
              </conditions>
            </line>
            <line number="364" hits="3" branch="False" />
            <line number="365" hits="3" branch="False" />
            <line number="367" hits="2" branch="False" />
            <line number="369" hits="1" branch="True" condition-coverage="50% (1/2)">
              <conditions>
                <condition number="86" type="jump" coverage="50%" />
              </conditions>
            </line>
            <line number="370" hits="1" branch="False" />
            <line number="372" hits="1" branch="True" condition-coverage="50% (1/2)">
              <conditions>
                <condition number="132" type="jump" coverage="50%" />
              </conditions>
            </line>
            <line number="373" hits="1" branch="False" />
            <line number="374" hits="1" branch="False" />
            <line number="375" hits="1" branch="False" />
            <line number="376" hits="1" branch="False" />
            <line number="377" hits="1" branch="False" />
            <line number="378" hits="1" branch="False" />
            <line number="379" hits="0" branch="False" />
            <line number="381" hits="0" branch="False" />
            <line number="383" hits="0" branch="False" />
            <line number="384" hits="0" branch="False" />
            <line number="385" hits="0" branch="False" />
            <line number="386" hits="0" branch="False" />
            <line number="387" hits="0" branch="False" />
            <line number="388" hits="0" branch="False" />
            <line number="389" hits="0" branch="False" />
            <line number="390" hits="0" branch="False" />
            <line number="392" hits="0" branch="False" />
            <line number="393" hits="3" branch="False" />
            <line number="410" hits="6" branch="False" />
            <line number="411" hits="6" branch="True" condition-coverage="50% (1/2)">
              <conditions>
                <condition number="9" type="jump" coverage="50%" />
              </conditions>
            </line>
            <line number="412" hits="0" branch="False" />
            <line number="414" hits="0" branch="False" />
            <line number="415" hits="0" branch="False" />
            <line number="416" hits="0" branch="False" />
            <line number="417" hits="0" branch="False" />
            <line number="418" hits="0" branch="False" />
            <line number="419" hits="0" branch="False" />
            <line number="422" hits="6" branch="True" condition-coverage="100% (2/2)">
              <conditions>
                <condition number="42" type="jump" coverage="100%" />
              </conditions>
            </line>
            <line number="423" hits="4" branch="False" />
            <line number="425" hits="4" branch="False" />
            <line number="426" hits="4" branch="False" />
            <line number="427" hits="4" branch="True" condition-coverage="50% (1/2)">
              <conditions>
                <condition number="80" type="jump" coverage="50%" />
              </conditions>
            </line>
            <line number="430" hits="3" branch="True" condition-coverage="50% (1/2)">
              <conditions>
                <condition number="179" type="jump" coverage="50%" />
              </conditions>
            </line>
            <line number="431" hits="3" branch="False" />
            <line number="432" hits="3" branch="False" />
            <line number="433" hits="3" branch="False" />
            <line number="434" hits="3" branch="False" />
            <line number="435" hits="3" branch="False" />
            <line number="436" hits="3" branch="False" />
            <line number="437" hits="3" branch="False" />
            <line number="438" hits="2" branch="False" />
            <line number="439" hits="1" branch="False" />
            <line number="440" hits="1" branch="False" />
            <line number="442" hits="1" branch="True" condition-coverage="50% (1/2)">
              <conditions>
                <condition number="259" type="jump" coverage="50%" />
              </conditions>
            </line>
            <line number="443" hits="1" branch="False" />
            <line number="444" hits="1" branch="False" />
            <line number="445" hits="1" branch="False" />
            <line number="446" hits="1" branch="False" />
            <line number="447" hits="0" branch="False" />
            <line number="449" hits="2" branch="False" />
            <line number="453" hits="2" branch="False" />
            <line number="454" hits="10" branch="True" condition-coverage="50% (1/2)">
              <conditions>
                <condition number="441" type="jump" coverage="50%" />
              </conditions>
            </line>
            <line number="455" hits="3" branch="False" />
            <line number="457" hits="3" branch="False" />
            <line number="458" hits="3" branch="True" condition-coverage="50% (1/2)">
              <conditions>
                <condition number="343" type="jump" coverage="50%" />
              </conditions>
            </line>
            <line number="459" hits="3" branch="True" condition-coverage="100% (2/2)">
              <conditions>
                <condition number="390" type="jump" coverage="100%" />
              </conditions>
            </line>
            <line number="460" hits="2" branch="False" />
            <line number="461" hits="2" branch="False" />
            <line number="463" hits="1" branch="False" />
            <line number="464" hits="0" branch="False" />
            <line number="465" hits="0" branch="False" />
            <line number="467" hits="0" branch="False" />
            <line number="468" hits="1" branch="False" />
            <line number="471" hits="0" branch="False" />
            <line number="472" hits="0" branch="False" />
            <line number="473" hits="0" branch="False" />
            <line number="474" hits="0" branch="False" />
            <line number="475" hits="0" branch="False" />
            <line number="476" hits="0" branch="False" />
            <line number="478" hits="0" branch="False" />
            <line number="479" hits="4" branch="False" />
            <line number="494" hits="3" branch="False" />
            <line number="495" hits="3" branch="False" />
            <line number="496" hits="3" branch="False" />
            <line number="497" hits="15" branch="True" condition-coverage="100% (2/2)">
              <conditions>
                <condition number="208" type="jump" coverage="100%" />
              </conditions>
            </line>
            <line number="498" hits="4" branch="False" />
            <line number="499" hits="4" branch="True" condition-coverage="50% (1/2)">
              <conditions>
                <condition number="39" type="jump" coverage="50%" />
              </conditions>
            </line>
            <line number="500" hits="4" branch="True" condition-coverage="100% (2/2)">
              <conditions>
                <condition number="82" type="jump" coverage="100%" />
              </conditions>
            </line>
            <line number="501" hits="4" branch="False" />
            <line number="502" hits="4" branch="False" />
            <line number="503" hits="4" branch="False" />
            <line number="505" hits="4" branch="False" />
            <line number="506" hits="4" branch="True" condition-coverage="100% (2/2)">
              <conditions>
                <condition number="132" type="jump" coverage="100%" />
              </conditions>
            </line>
            <line number="507" hits="2" branch="False" />
            <line number="508" hits="2" branch="False" />
            <line number="511" hits="2" branch="True" condition-coverage="75% (3/4)">
              <conditions>
                <condition number="152" type="jump" coverage="50%" />
                <condition number="170" type="jump" coverage="100%" />
              </conditions>
            </line>
            <line number="512" hits="2" branch="False" />
            <line number="513" hits="2" branch="False" />
            <line number="514" hits="2" branch="False" />
            <line number="515" hits="2" branch="False" />
            <line number="516" hits="2" branch="False" />
            <line number="517" hits="2" branch="False" />
            <line number="520" hits="1" branch="True" condition-coverage="50% (1/2)">
              <conditions>
                <condition number="228" type="jump" coverage="50%" />
              </conditions>
            </line>
            <line number="521" hits="1" branch="False" />
            <line number="522" hits="1" branch="False" />
            <line number="523" hits="1" branch="False" />
            <line number="525" hits="0" branch="False" />
            <line number="526" hits="0" branch="False" />
            <line number="527" hits="0" branch="False" />
            <line number="528" hits="0" branch="False" />
            <line number="531" hits="1" branch="True" condition-coverage="100% (2/2)">
              <conditions>
                <condition number="278" type="jump" coverage="100%" />
              </conditions>
            </line>
            <line number="532" hits="1" branch="False" />
            <line number="533" hits="1" branch="False" />
            <line number="534" hits="1" branch="False" />
            <line number="535" hits="1" branch="False" />
            <line number="536" hits="1" branch="False" />
            <line number="537" hits="1" branch="False" />
            <line number="538" hits="2" branch="False" />
            <line number="539" hits="1" branch="False" />
            <line number="540" hits="1" branch="False" />
            <line number="542" hits="0" branch="False" />
            <line number="543" hits="2" branch="False" />
            <line number="560" hits="8" branch="False" />
            <line number="561" hits="8" branch="False" />
            <line number="562" hits="37" branch="True" condition-coverage="100% (2/2)">
              <conditions>
                <condition number="290" type="jump" coverage="100%" />
              </conditions>
            </line>
            <line number="563" hits="10" branch="False" />
            <line number="564" hits="10" branch="True" condition-coverage="50% (1/2)">
              <conditions>
                <condition number="55" type="jump" coverage="50%" />
              </conditions>
            </line>
            <line number="565" hits="0" branch="False" />
            <line number="566" hits="0" branch="False" />
            <line number="569" hits="10" branch="False" />
            <line number="570" hits="9" branch="True" condition-coverage="100% (2/2)">
              <conditions>
                <condition number="87" type="jump" coverage="100%" />
              </conditions>
            </line>
            <line number="571" hits="9" branch="False" />
            <line number="572" hits="9" branch="True" condition-coverage="100% (2/2)">
              <conditions>
                <condition number="102" type="jump" coverage="100%" />
              </conditions>
            </line>
            <line number="573" hits="24" branch="False" />
            <line number="574" hits="55" branch="True" condition-coverage="100% (2/2)">
              <conditions>
                <condition number="8" type="jump" coverage="100%" />
              </conditions>
            </line>
            <line number="576" hits="9" branch="False" />
            <line number="577" hits="9" branch="False" />
            <line number="579" hits="9" branch="False" />
            <line number="580" hits="9" branch="True" condition-coverage="100% (2/2)">
              <conditions>
                <condition number="247" type="jump" coverage="100%" />
              </conditions>
            </line>
            <line number="581" hits="6" branch="False" />
            <line number="582" hits="6" branch="False" />
            <line number="584" hits="3" branch="False" />
            <line number="585" hits="3" branch="False" />
            <line number="587" hits="1" branch="True" condition-coverage="50% (1/2)">
              <conditions>
                <condition number="310" type="jump" coverage="50%" />
              </conditions>
            </line>
            <line number="588" hits="1" branch="False" />
            <line number="590" hits="1" branch="False" />
            <line number="591" hits="1" branch="False" />
            <line number="592" hits="1" branch="False" />
            <line number="593" hits="1" branch="False" />
            <line number="594" hits="1" branch="False" />
            <line number="595" hits="1" branch="False" />
            <line number="596" hits="1" branch="False" />
            <line number="597" hits="1" branch="False" />
            <line number="598" hits="0" branch="False" />
            <line number="600" hits="0" branch="False" />
            <line number="602" hits="0" branch="False" />
            <line number="603" hits="0" branch="False" />
            <line number="604" hits="0" branch="False" />
            <line number="605" hits="0" branch="False" />
            <line number="606" hits="0" branch="False" />
            <line number="607" hits="0" branch="False" />
            <line number="608" hits="0" branch="False" />
            <line number="610" hits="0" branch="False" />
            <line number="611" hits="6" branch="False" />
            <line number="628" hits="3" branch="False" />
            <line number="629" hits="3" branch="False" />
            <line number="630" hits="14" branch="True" condition-coverage="100% (2/2)">
              <conditions>
                <condition number="230" type="jump" coverage="100%" />
              </conditions>
            </line>
            <line number="631" hits="3" branch="False" />
            <line number="632" hits="3" branch="True" condition-coverage="50% (1/2)">
              <conditions>
                <condition number="40" type="jump" coverage="50%" />
              </conditions>
            </line>
            <line number="633" hits="0" branch="False" />
            <line number="634" hits="0" branch="False" />
            <line number="637" hits="3" branch="False" />
            <line number="638" hits="3" branch="True" condition-coverage="100% (2/2)">
              <conditions>
                <condition number="71" type="jump" coverage="100%" />
              </conditions>
            </line>
            <line number="639" hits="3" branch="False" />
            <line number="640" hits="15" branch="True" condition-coverage="50% (1/2)">
              <conditions>
                <condition number="8" type="jump" coverage="50%" />
              </conditions>
            </line>
            <line number="642" hits="3" branch="False" />
            <line number="643" hits="3" branch="False" />
            <line number="645" hits="3" branch="False" />
            <line number="646" hits="3" branch="True" condition-coverage="100% (2/2)">
              <conditions>
                <condition number="188" type="jump" coverage="100%" />
              </conditions>
            </line>
            <line number="647" hits="1" branch="False" />
            <line number="648" hits="1" branch="False" />
            <line number="650" hits="2" branch="False" />
            <line number="651" hits="2" branch="False" />
            <line number="653" hits="2" branch="True" condition-coverage="50% (1/2)">
              <conditions>
                <condition number="250" type="jump" coverage="50%" />
              </conditions>
            </line>
            <line number="654" hits="2" branch="False" />
            <line number="656" hits="2" branch="False" />
            <line number="657" hits="2" branch="False" />
            <line number="658" hits="2" branch="False" />
            <line number="659" hits="2" branch="False" />
            <line number="660" hits="2" branch="False" />
            <line number="661" hits="2" branch="False" />
            <line number="662" hits="2" branch="False" />
            <line number="663" hits="2" branch="False" />
            <line number="664" hits="0" branch="False" />
            <line number="666" hits="0" branch="False" />
            <line number="668" hits="0" branch="False" />
            <line number="669" hits="0" branch="False" />
            <line number="670" hits="0" branch="False" />
            <line number="671" hits="0" branch="False" />
            <line number="672" hits="0" branch="False" />
            <line number="673" hits="0" branch="False" />
            <line number="674" hits="0" branch="False" />
            <line number="676" hits="0" branch="False" />
            <line number="677" hits="1" branch="False" />
            <line number="692" hits="4" branch="False" />
            <line number="693" hits="4" branch="False" />
            <line number="694" hits="20" branch="True" condition-coverage="100% (2/2)">
              <conditions>
                <condition number="232" type="jump" coverage="100%" />
              </conditions>
            </line>
            <line number="695" hits="5" branch="False" />
            <line number="696" hits="5" branch="True" condition-coverage="50% (1/2)">
              <conditions>
                <condition number="40" type="jump" coverage="50%" />
              </conditions>
            </line>
            <line number="697" hits="0" branch="False" />
            <line number="698" hits="0" branch="False" />
            <line number="701" hits="5" branch="False" />
            <line number="702" hits="5" branch="True" condition-coverage="100% (2/2)">
              <conditions>
                <condition number="71" type="jump" coverage="100%" />
              </conditions>
            </line>
            <line number="703" hits="5" branch="False" />
            <line number="704" hits="17" branch="True" condition-coverage="100% (2/2)">
              <conditions>
                <condition number="8" type="jump" coverage="100%" />
              </conditions>
            </line>
            <line number="706" hits="5" branch="False" />
            <line number="707" hits="5" branch="False" />
            <line number="709" hits="5" branch="False" />
            <line number="710" hits="5" branch="True" condition-coverage="100% (2/2)">
              <conditions>
                <condition number="190" type="jump" coverage="100%" />
              </conditions>
            </line>
            <line number="711" hits="2" branch="False" />
            <line number="712" hits="2" branch="False" />
            <line number="714" hits="3" branch="False" />
            <line number="715" hits="3" branch="False" />
            <line number="717" hits="2" branch="True" condition-coverage="100% (2/2)">
              <conditions>
                <condition number="252" type="jump" coverage="100%" />
              </conditions>
            </line>
            <line number="718" hits="1" branch="False" />
            <line number="720" hits="1" branch="False" />
            <line number="721" hits="1" branch="False" />
            <line number="722" hits="1" branch="False" />
            <line number="723" hits="1" branch="False" />
            <line number="724" hits="1" branch="False" />
            <line number="725" hits="1" branch="False" />
            <line number="726" hits="1" branch="False" />
            <line number="727" hits="1" branch="False" />
            <line number="728" hits="0" branch="False" />
            <line number="730" hits="1" branch="False" />
            <line number="732" hits="1" branch="False" />
            <line number="733" hits="1" branch="False" />
            <line number="734" hits="1" branch="False" />
            <line number="735" hits="1" branch="False" />
            <line number="736" hits="1" branch="False" />
            <line number="737" hits="1" branch="False" />
            <line number="738" hits="1" branch="False" />
            <line number="739" hits="0" branch="False" />
            <line number="741" hits="0" branch="False" />
            <line number="742" hits="2" branch="False" />
            <line number="746" hits="0" branch="False" />
            <line number="336" hits="30" branch="True" condition-coverage="50% (1/2)">
              <conditions>
                <condition number="3" type="jump" coverage="50%" />
              </conditions>
            </line>
            <line number="337" hits="30" branch="False" />
            <line number="341" hits="30" branch="False" />
            <line number="342" hits="30" branch="False" />
            <line number="343" hits="30" branch="False" />
          </lines>
        </class>
      </classes>
    </package>
  </packages>
</coverage>